0 info it worked if it ends with ok
1 verbose cli [ '/home/tenn/.nvm/versions/node/v5.4.1/bin/node',
1 verbose cli   '/home/tenn/.nvm/versions/node/v5.4.1/bin/npm',
1 verbose cli   'start' ]
2 info using npm@3.3.12
3 info using node@v5.4.1
4 verbose run-script [ 'prestart', 'start', 'poststart' ]
5 info lifecycle AngularBlog@1.0.0~prestart: AngularBlog@1.0.0
6 silly lifecycle AngularBlog@1.0.0~prestart: no script for prestart, continuing
7 info lifecycle AngularBlog@1.0.0~start: AngularBlog@1.0.0
8 verbose lifecycle AngularBlog@1.0.0~start: unsafe-perm in lifecycle true
9 verbose lifecycle AngularBlog@1.0.0~start: PATH: /home/tenn/.nvm/versions/node/v5.4.1/lib/node_modules/npm/bin/node-gyp-bin:/home/tenn/www/tz.dev/node_modules/.bin:/home/tenn/.nvm/versions/node/v5.4.1/bin:/home/tenn/bin:/usr/local/sbin:/usr/local/bin:/usr/sbin:/usr/bin:/sbin:/bin:/usr/games:/usr/local/games
10 verbose lifecycle AngularBlog@1.0.0~start: CWD: /home/tenn/www/tz.dev
11 silly lifecycle AngularBlog@1.0.0~start: Args: [ '-c',
11 silly lifecycle   'webpack-dev-server --progress --colors --port 3000 --hot --inline' ]
12 silly lifecycle AngularBlog@1.0.0~start: Returned: code: 139  signal: null
13 info lifecycle AngularBlog@1.0.0~start: Failed to exec start script
14 verbose stack Error: AngularBlog@1.0.0 start: `webpack-dev-server --progress --colors --port 3000 --hot --inline`
14 verbose stack Exit status 139
14 verbose stack     at EventEmitter.<anonymous> (/home/tenn/.nvm/versions/node/v5.4.1/lib/node_modules/npm/lib/utils/lifecycle.js:232:16)
14 verbose stack     at emitTwo (events.js:87:13)
14 verbose stack     at EventEmitter.emit (events.js:172:7)
14 verbose stack     at ChildProcess.<anonymous> (/home/tenn/.nvm/versions/node/v5.4.1/lib/node_modules/npm/lib/utils/spawn.js:24:14)
14 verbose stack     at emitTwo (events.js:87:13)
14 verbose stack     at ChildProcess.emit (events.js:172:7)
14 verbose stack     at maybeClose (internal/child_process.js:821:16)
14 verbose stack     at Process.ChildProcess._handle.onexit (internal/child_process.js:211:5)
15 verbose pkgid AngularBlog@1.0.0
16 verbose cwd /home/tenn/www/tz.dev
17 error Linux 3.16.7-991-lowlatency
18 error argv "/home/tenn/.nvm/versions/node/v5.4.1/bin/node" "/home/tenn/.nvm/versions/node/v5.4.1/bin/npm" "start"
19 error node v5.4.1
20 error npm  v3.3.12
21 error code ELIFECYCLE
22 error AngularBlog@1.0.0 start: `webpack-dev-server --progress --colors --port 3000 --hot --inline`
22 error Exit status 139
23 error Failed at the AngularBlog@1.0.0 start script 'webpack-dev-server --progress --colors --port 3000 --hot --inline'.
23 error Make sure you have the latest version of node.js and npm installed.
23 error If you do, this is most likely a problem with the AngularBlog package,
23 error not with npm itself.
23 error Tell the author that this fails on your system:
23 error     webpack-dev-server --progress --colors --port 3000 --hot --inline
23 error You can get their info via:
23 error     npm owner ls AngularBlog
23 error There is likely additional logging output above.
24 verbose exit [ 1, true ]
